# JRE version: Java(TM) SE Runtime Environment (21.0.7+8) (build 21.0.7+8-LTS-245)
# Java VM: Java HotSpot(TM) 64-Bit Server VM (21.0.7+8-LTS-245, mixed mode, sharing, tiered, compressed oops, compressed class ptrs, g1 gc, windows-amd64)
GC Precious Log:
 CardTable entry size: 512
 Card Set container configuration: InlinePtr #cards 4 size 8 Array Of Cards #cards 16 size 48 Howl #buckets 8 coarsen threshold 3686 Howl Bitmap #cards 512 size 80 coarsen threshold 460 Card regions per heap region 1 cards per card region 4096
 CPUs: 4 total, 4 available
 Memory: 3970M
 Large Page Support: Disabled
 NUMA Support: Disabled
 Compressed Oops: Enabled (Zero based)
 Heap Region Size: 2M
 Heap Min Capacity: 8M
 Heap Initial Capacity: 64M
 Heap Max Capacity: 4G
 Pre-touch: Disabled
 Parallel Workers: 4
 Concurrent Workers: 1
 Concurrent Refinement Workers: 4
 Periodic GC: Disabled
Heap:
 garbage-first heap   total 315392K, used 177344K [0x0000000700000000, 0x0000000800000000)
  region size 2048K, 9 young (18432K), 2 survivors (4096K)
 Metaspace       used 132903K, committed 135424K, reserved 1179648K
  class space    used 17884K, committed 19136K, reserved 1048576K
GC Heap History (20 events):
Event: 430.643 GC heap before
{Heap before GC invocations=66 (full 0):
 garbage-first heap   total 235520K, used 159242K [0x0000000700000000, 0x0000000800000000)
  region size 2048K, 15 young (30720K), 2 survivors (4096K)
 Metaspace       used 112140K, committed 114560K, reserved 1179648K
  class space    used 14996K, committed 16192K, reserved 1048576K
}
Event: 430.702 GC heap after
{Heap after GC invocations=67 (full 0):
 garbage-first heap   total 235520K, used 137719K [0x0000000700000000, 0x0000000800000000)
  region size 2048K, 2 young (4096K), 2 survivors (4096K)
 Metaspace       used 112140K, committed 114560K, reserved 1179648K
  class space    used 14996K, committed 16192K, reserved 1048576K
}
Event: 435.931 GC heap before
{Heap before GC invocations=67 (full 0):
 garbage-first heap   total 235520K, used 143863K [0x0000000700000000, 0x0000000800000000)
  region size 2048K, 5 young (10240K), 2 survivors (4096K)
 Metaspace       used 113289K, committed 115712K, reserved 1179648K
  class space    used 15154K, committed 16384K, reserved 1048576K
}
Event: 435.985 GC heap after
{Heap after GC invocations=68 (full 0):
 garbage-first heap   total 235520K, used 138232K [0x0000000700000000, 0x0000000800000000)
  region size 2048K, 1 young (2048K), 1 survivors (2048K)
 Metaspace       used 113289K, committed 115712K, reserved 1179648K
  class space    used 15154K, committed 16384K, reserved 1048576K
}
Event: 548.265 GC heap before
{Heap before GC invocations=68 (full 0):
 garbage-first heap   total 235520K, used 175096K [0x0000000700000000, 0x0000000800000000)
  region size 2048K, 20 young (40960K), 1 survivors (2048K)
 Metaspace       used 114078K, committed 116544K, reserved 1179648K
  class space    used 15273K, committed 16512K, reserved 1048576K
}
Event: 548.608 GC heap after
{Heap after GC invocations=69 (full 0):
 garbage-first heap   total 235520K, used 144903K [0x0000000700000000, 0x0000000800000000)
  region size 2048K, 3 young (6144K), 3 survivors (6144K)
 Metaspace       used 114078K, committed 116544K, reserved 1179648K
  class space    used 15273K, committed 16512K, reserved 1048576K
}
Event: 590.271 GC heap before
{Heap before GC invocations=69 (full 0):
 garbage-first heap   total 235520K, used 212487K [0x0000000700000000, 0x0000000800000000)
  region size 2048K, 37 young (75776K), 3 survivors (6144K)
 Metaspace       used 118108K, committed 120576K, reserved 1179648K
  class space    used 15832K, committed 17088K, reserved 1048576K
}
Event: 591.055 GC heap after
{Heap after GC invocations=70 (full 0):
 garbage-first heap   total 282624K, used 152337K [0x0000000700000000, 0x0000000800000000)
  region size 2048K, 4 young (8192K), 4 survivors (8192K)
 Metaspace       used 118108K, committed 120576K, reserved 1179648K
  class space    used 15832K, committed 17088K, reserved 1048576K
}
Event: 592.314 GC heap before
{Heap before GC invocations=70 (full 0):
 garbage-first heap   total 282624K, used 156433K [0x0000000700000000, 0x0000000800000000)
  region size 2048K, 6 young (12288K), 4 survivors (8192K)
 Metaspace       used 118612K, committed 121088K, reserved 1179648K
  class space    used 15907K, committed 17152K, reserved 1048576K
}
Event: 592.357 GC heap after
{Heap after GC invocations=71 (full 0):
 garbage-first heap   total 282624K, used 153275K [0x0000000700000000, 0x0000000800000000)
  region size 2048K, 1 young (2048K), 1 survivors (2048K)
 Metaspace       used 118612K, committed 121088K, reserved 1179648K
  class space    used 15907K, committed 17152K, reserved 1048576K
}
Event: 599.714 GC heap before
{Heap before GC invocations=71 (full 0):
 garbage-first heap   total 282624K, used 198331K [0x0000000700000000, 0x0000000800000000)
  region size 2048K, 24 young (49152K), 1 survivors (2048K)
 Metaspace       used 122191K, committed 124672K, reserved 1179648K
  class space    used 16404K, committed 17664K, reserved 1048576K
}
Event: 599.750 GC heap after
{Heap after GC invocations=72 (full 0):
 garbage-first heap   total 282624K, used 160681K [0x0000000700000000, 0x0000000800000000)
  region size 2048K, 3 young (6144K), 3 survivors (6144K)
 Metaspace       used 122191K, committed 124672K, reserved 1179648K
  class space    used 16404K, committed 17664K, reserved 1048576K
}
Event: 602.539 GC heap before
{Heap before GC invocations=72 (full 0):
 garbage-first heap   total 282624K, used 175017K [0x0000000700000000, 0x0000000800000000)
  region size 2048K, 11 young (22528K), 3 survivors (6144K)
 Metaspace       used 124105K, committed 126656K, reserved 1179648K
  class space    used 16713K, committed 17984K, reserved 1048576K
}
Event: 602.581 GC heap after
{Heap after GC invocations=73 (full 0):
 garbage-first heap   total 282624K, used 162192K [0x0000000700000000, 0x0000000800000000)
  region size 2048K, 1 young (2048K), 1 survivors (2048K)
 Metaspace       used 124105K, committed 126656K, reserved 1179648K
  class space    used 16713K, committed 17984K, reserved 1048576K
}
Event: 617.311 GC heap before
{Heap before GC invocations=73 (full 0):
 garbage-first heap   total 282624K, used 240016K [0x0000000700000000, 0x0000000800000000)
  region size 2048K, 40 young (81920K), 1 survivors (2048K)
 Metaspace       used 130020K, committed 132480K, reserved 1179648K
  class space    used 17506K, committed 18752K, reserved 1048576K
}
Event: 617.348 GC heap after
{Heap after GC invocations=74 (full 0):
 garbage-first heap   total 282624K, used 164222K [0x0000000700000000, 0x0000000800000000)
  region size 2048K, 2 young (4096K), 2 survivors (4096K)
 Metaspace       used 130020K, committed 132480K, reserved 1179648K
  class space    used 17506K, committed 18752K, reserved 1048576K
}
Event: 629.376 GC heap before
{Heap before GC invocations=74 (full 0):
 garbage-first heap   total 282624K, used 260478K [0x0000000700000000, 0x0000000800000000)
  region size 2048K, 49 young (100352K), 2 survivors (4096K)
 Metaspace       used 132222K, committed 134720K, reserved 1179648K
  class space    used 17764K, committed 19008K, reserved 1048576K
}
Event: 629.576 GC heap after
{Heap after GC invocations=75 (full 0):
 garbage-first heap   total 282624K, used 166440K [0x0000000700000000, 0x0000000800000000)
  region size 2048K, 3 young (6144K), 3 survivors (6144K)
 Metaspace       used 132222K, committed 134720K, reserved 1179648K
  class space    used 17764K, committed 19008K, reserved 1048576K
}
Event: 644.393 GC heap before
{Heap before GC invocations=76 (full 0):
 garbage-first heap   total 315392K, used 203304K [0x0000000700000000, 0x0000000800000000)
  region size 2048K, 21 young (43008K), 3 survivors (6144K)
 Metaspace       used 132592K, committed 135104K, reserved 1179648K
  class space    used 17833K, committed 19072K, reserved 1048576K
}
Event: 644.606 GC heap after
{Heap after GC invocations=77 (full 0):
 garbage-first heap   total 315392K, used 167104K [0x0000000700000000, 0x0000000800000000)
  region size 2048K, 2 young (4096K), 2 survivors (4096K)
 Metaspace       used 132592K, committed 135104K, reserved 1179648K
  class space    used 17833K, committed 19072K, reserved 1048576K
}

