# JRE version: Java(TM) SE Runtime Environment (21.0.7+8) (build 21.0.7+8-LTS-245)
# Java VM: Java HotSpot(TM) 64-Bit Server VM (21.0.7+8-LTS-245, mixed mode, sharing, tiered, compressed oops, compressed class ptrs, g1 gc, windows-amd64)
GC Precious Log:
 CardTable entry size: 512
 Card Set container configuration: InlinePtr #cards 4 size 8 Array Of Cards #cards 16 size 48 Howl #buckets 8 coarsen threshold 3686 Howl Bitmap #cards 512 size 80 coarsen threshold 460 Card regions per heap region 1 cards per card region 4096
 CPUs: 4 total, 4 available
 Memory: 3970M
 Large Page Support: Disabled
 NUMA Support: Disabled
 Compressed Oops: Enabled (Zero based)
 Heap Region Size: 2M
 Heap Min Capacity: 8M
 Heap Initial Capacity: 64M
 Heap Max Capacity: 4G
 Pre-touch: Disabled
 Parallel Workers: 4
 Concurrent Workers: 1
 Concurrent Refinement Workers: 4
 Periodic GC: Disabled
Heap:
 garbage-first heap   total 473088K, used 186397K [0x0000000700000000, 0x0000000800000000)
  region size 2048K, 3 young (6144K), 3 survivors (6144K)
 Metaspace       used 149929K, committed 152512K, reserved 1245184K
  class space    used 19766K, committed 21056K, reserved 1048576K
GC Heap History (20 events):
Event: 714.675 GC heap after
{Heap after GC invocations=72 (full 0):
 garbage-first heap   total 339968K, used 175298K [0x0000000700000000, 0x0000000800000000)
  region size 2048K, 1 young (2048K), 1 survivors (2048K)
 Metaspace       used 130746K, committed 133312K, reserved 1179648K
  class space    used 17056K, committed 18368K, reserved 1048576K
}
Event: 719.673 GC heap before
{Heap before GC invocations=72 (full 0):
 garbage-first heap   total 339968K, used 203970K [0x0000000700000000, 0x0000000800000000)
  region size 2048K, 16 young (32768K), 1 survivors (2048K)
 Metaspace       used 131783K, committed 134272K, reserved 1179648K
  class space    used 17196K, committed 18496K, reserved 1048576K
}
Event: 719.699 GC heap after
{Heap after GC invocations=73 (full 0):
 garbage-first heap   total 339968K, used 177320K [0x0000000700000000, 0x0000000800000000)
  region size 2048K, 2 young (4096K), 2 survivors (4096K)
 Metaspace       used 131783K, committed 134272K, reserved 1179648K
  class space    used 17196K, committed 18496K, reserved 1048576K
}
Event: 725.752 GC heap before
{Heap before GC invocations=73 (full 0):
 garbage-first heap   total 339968K, used 212136K [0x0000000700000000, 0x0000000800000000)
  region size 2048K, 20 young (40960K), 2 survivors (4096K)
 Metaspace       used 135456K, committed 137984K, reserved 1179648K
  class space    used 17715K, committed 19008K, reserved 1048576K
}
Event: 725.855 GC heap after
{Heap after GC invocations=74 (full 0):
 garbage-first heap   total 339968K, used 180470K [0x0000000700000000, 0x0000000800000000)
  region size 2048K, 3 young (6144K), 3 survivors (6144K)
 Metaspace       used 135456K, committed 137984K, reserved 1179648K
  class space    used 17715K, committed 19008K, reserved 1048576K
}
Event: 734.873 GC heap before
{Heap before GC invocations=74 (full 0):
 garbage-first heap   total 339968K, used 215286K [0x0000000700000000, 0x0000000800000000)
  region size 2048K, 21 young (43008K), 3 survivors (6144K)
 Metaspace       used 137869K, committed 140416K, reserved 1179648K
  class space    used 18078K, committed 19392K, reserved 1048576K
}
Event: 734.982 GC heap after
{Heap after GC invocations=75 (full 0):
 garbage-first heap   total 339968K, used 187066K [0x0000000700000000, 0x0000000800000000)
  region size 2048K, 3 young (6144K), 3 survivors (6144K)
 Metaspace       used 137869K, committed 140416K, reserved 1179648K
  class space    used 18078K, committed 19392K, reserved 1048576K
}
Event: 741.170 GC heap before
{Heap before GC invocations=75 (full 0):
 garbage-first heap   total 339968K, used 213690K [0x0000000700000000, 0x0000000800000000)
  region size 2048K, 17 young (34816K), 3 survivors (6144K)
 Metaspace       used 141076K, committed 143616K, reserved 1179648K
  class space    used 18571K, committed 19840K, reserved 1048576K
}
Event: 741.264 GC heap after
{Heap after GC invocations=76 (full 0):
 garbage-first heap   total 339968K, used 189756K [0x0000000700000000, 0x0000000800000000)
  region size 2048K, 1 young (2048K), 1 survivors (2048K)
 Metaspace       used 141076K, committed 143616K, reserved 1179648K
  class space    used 18571K, committed 19840K, reserved 1048576K
}
Event: 757.232 GC heap before
{Heap before GC invocations=76 (full 0):
 garbage-first heap   total 339968K, used 236860K [0x0000000700000000, 0x0000000800000000)
  region size 2048K, 26 young (53248K), 1 survivors (2048K)
 Metaspace       used 145694K, committed 148224K, reserved 1179648K
  class space    used 19254K, committed 20544K, reserved 1048576K
}
Event: 757.425 GC heap after
{Heap after GC invocations=77 (full 0):
 garbage-first heap   total 473088K, used 191720K [0x0000000700000000, 0x0000000800000000)
  region size 2048K, 2 young (4096K), 2 survivors (4096K)
 Metaspace       used 145694K, committed 148224K, reserved 1179648K
  class space    used 19254K, committed 20544K, reserved 1048576K
}
Event: 775.153 GC heap before
{Heap before GC invocations=77 (full 0):
 garbage-first heap   total 473088K, used 240872K [0x0000000700000000, 0x0000000800000000)
  region size 2048K, 26 young (53248K), 2 survivors (4096K)
 Metaspace       used 147024K, committed 149632K, reserved 1179648K
  class space    used 19375K, committed 20672K, reserved 1048576K
}
Event: 775.311 GC heap after
{Heap after GC invocations=78 (full 0):
 garbage-first heap   total 473088K, used 191536K [0x0000000700000000, 0x0000000800000000)
  region size 2048K, 2 young (4096K), 2 survivors (4096K)
 Metaspace       used 147024K, committed 149632K, reserved 1179648K
  class space    used 19375K, committed 20672K, reserved 1048576K
}
Event: 782.225 GC heap before
{Heap before GC invocations=79 (full 0):
 garbage-first heap   total 473088K, used 232496K [0x0000000700000000, 0x0000000800000000)
  region size 2048K, 22 young (45056K), 2 survivors (4096K)
 Metaspace       used 147657K, committed 150208K, reserved 1179648K
  class space    used 19455K, committed 20736K, reserved 1048576K
}
Event: 782.291 GC heap after
{Heap after GC invocations=80 (full 0):
 garbage-first heap   total 473088K, used 191998K [0x0000000700000000, 0x0000000800000000)
  region size 2048K, 2 young (4096K), 2 survivors (4096K)
 Metaspace       used 147657K, committed 150208K, reserved 1179648K
  class space    used 19455K, committed 20736K, reserved 1048576K
}
Event: 784.273 GC heap before
{Heap before GC invocations=80 (full 0):
 garbage-first heap   total 473088K, used 230910K [0x0000000700000000, 0x0000000800000000)
  region size 2048K, 22 young (45056K), 2 survivors (4096K)
 Metaspace       used 148038K, committed 150592K, reserved 1179648K
  class space    used 19495K, committed 20800K, reserved 1048576K
}
Event: 784.313 GC heap after
{Heap after GC invocations=81 (full 0):
 garbage-first heap   total 473088K, used 189815K [0x0000000700000000, 0x0000000800000000)
  region size 2048K, 2 young (4096K), 2 survivors (4096K)
 Metaspace       used 148038K, committed 150592K, reserved 1179648K
  class space    used 19495K, committed 20800K, reserved 1048576K
}
Event: 786.203 GC heap before
{Heap before GC invocations=81 (full 0):
 garbage-first heap   total 473088K, used 253303K [0x0000000700000000, 0x0000000800000000)
  region size 2048K, 33 young (67584K), 2 survivors (4096K)
 Metaspace       used 148654K, committed 151232K, reserved 1179648K
  class space    used 19570K, committed 20864K, reserved 1048576K
}
Event: 786.242 GC heap after
{Heap after GC invocations=82 (full 0):
 garbage-first heap   total 473088K, used 187394K [0x0000000700000000, 0x0000000800000000)
  region size 2048K, 3 young (6144K), 3 survivors (6144K)
 Metaspace       used 148654K, committed 151232K, reserved 1179648K
  class space    used 19570K, committed 20864K, reserved 1048576K
}
Event: 790.958 GC heap before
{Heap before GC invocations=82 (full 0):
 garbage-first heap   total 473088K, used 257026K [0x0000000700000000, 0x0000000800000000)
  region size 2048K, 38 young (77824K), 3 survivors (6144K)
 Metaspace       used 149929K, committed 152512K, reserved 1245184K
  class space    used 19766K, committed 21056K, reserved 1048576K
}

